2018-10-31 18:38:01,180 - baidubce.http.bce_http_client - DEBUG - GET request start: / None, None, None
2018-10-31 18:38:26,090 - baidubce.http.bce_http_client - DEBUG - GET request start: / None, None, None
2018-10-31 18:39:17,290 - baidubce.http.bce_http_client - DEBUG - GET request start: / None, None, None
2018-10-31 18:40:14,955 - baidubce.http.bce_http_client - DEBUG - GET request start: / None, None, None
2018-10-31 18:42:35,147 - baidubce.http.bce_http_client - DEBUG - GET request start: / None, None, None
2018-10-31 18:43:36,924 - baidubce.http.bce_http_client - DEBUG - GET request start: / None, None, None
2018-10-31 18:45:52,400 - baidubce.http.bce_http_client - DEBUG - GET request start: / None, None, None
2018-10-31 18:45:56,819 - baidubce.http.bce_http_client - DEBUG - GET request start: / None, None, None
2018-10-31 18:49:10,284 - baidubce.http.bce_http_client - DEBUG - GET request start: / None, None, None
2018-10-31 18:49:13,276 - baidubce.http.bce_http_client - DEBUG - GET request start: / None, None, None
2018-10-31 18:49:27,158 - baidubce.http.bce_http_client - DEBUG - GET request start: / None, None, None
2018-10-31 18:50:33,909 - baidubce.http.bce_http_client - DEBUG - GET request start: / None, None, None
2018-10-31 18:50:53,008 - baidubce.http.bce_http_client - DEBUG - GET request start: / None, None, None
2018-10-31 22:00:06,772 - baidubce.http.bce_http_client - DEBUG - GET request start: / None, None, None
2018-10-31 22:01:07,744 - baidubce.http.bce_http_client - DEBUG - GET request start: / None, None, None
2018-10-31 22:05:54,476 - baidubce.http.bce_http_client - DEBUG - GET request start: / None, None, None
2018-10-31 22:07:25,112 - baidubce.http.bce_http_client - DEBUG - GET request start: / None, None, None
2018-10-31 22:20:12,596 - baidubce.http.bce_http_client - DEBUG - GET request start: / None, None, None
2018-10-31 22:21:38,611 - baidubce.http.bce_http_client - DEBUG - GET request start: / None, None, None
2018-10-31 22:22:33,555 - baidubce.http.bce_http_client - DEBUG - GET request start: / None, None, None
2018-10-31 22:23:21,355 - baidubce.http.bce_http_client - DEBUG - GET request start: / None, None, None
2018-10-31 22:24:08,782 - baidubce.http.bce_http_client - DEBUG - GET request start: / None, None, None
2018-10-31 22:24:40,039 - baidubce.http.bce_http_client - DEBUG - GET request start: / None, None, None
2018-10-31 22:26:33,263 - baidubce.http.bce_http_client - DEBUG - GET request start: / None, None, None
2018-10-31 22:28:28,490 - baidubce.http.bce_http_client - DEBUG - GET request start: / None, None, None
2018-10-31 22:31:37,525 - baidubce.http.bce_http_client - DEBUG - GET request start: / None, None, None
2018-10-31 22:33:26,134 - baidubce.http.bce_http_client - DEBUG - GET request start: / None, None, None
2018-10-31 22:34:09,130 - baidubce.http.bce_http_client - DEBUG - GET request start: / None, None, None
2018-10-31 22:34:09,346 - baidubce.http.bce_http_client - DEBUG - request return: status=200, headers=[('Date', 'Wed, 31 Oct 2018 14:34:09 GMT'), ('Content-Type', 'application/json; charset=utf-8'), ('Content-Length', '7890'), ('Connection', 'keep-alive'), ('Server', 'BceBos'), ('x-bce-debug-id', 'bX6Ku75VMrL7qWxgjheq+VCFNsZU/ofbyyraXDim86tmoqsEeLz6kk+7fIUMpLi9hyxcGPAPtEz9ElV8L0UCjg=='), ('x-bce-request-id', '86dbd3c3-17ae-4d80-9613-04adfe6ead14')]
2018-10-31 22:34:12,017 - baidubce.http.bce_http_client - DEBUG - GET request start: / None, None, None
2018-10-31 22:34:12,183 - baidubce.http.bce_http_client - DEBUG - request return: status=200, headers=[('Date', 'Wed, 31 Oct 2018 14:34:12 GMT'), ('Content-Type', 'application/json; charset=utf-8'), ('Content-Length', '7890'), ('Connection', 'keep-alive'), ('Server', 'BceBos'), ('x-bce-debug-id', 'Ln+oDiYjr5VfZa0zpdIg4kPzjj+tU/xY8QVhGwnnCO8wlqepG7o20f4EQbjPc2YMWhI3gAH2F2qcgKaBpMe4+A=='), ('x-bce-request-id', 'a7dc31cc-e1de-4463-bb49-7585cfa4f8de')]
2018-11-01 10:02:30,772 - baidubce.http.bce_http_client - DEBUG - GET request start: / None, None, None
2018-11-01 10:02:30,935 - baidubce.http.bce_http_client - DEBUG - request return: status=200, headers=[('Date', 'Thu, 01 Nov 2018 02:02:30 GMT'), ('Content-Type', 'application/json; charset=utf-8'), ('Content-Length', '7890'), ('Connection', 'keep-alive'), ('Server', 'BceBos'), ('x-bce-debug-id', 'd11sfD3L8BXLTp8iSB+0tJAtBxhCdY749pMNSebZT0NLOkAOtWnI0Trte0ED+1An0ac2VY9E5Ob9okGFfzGCMA=='), ('x-bce-request-id', '77368142-74b6-46d0-a614-fa319efcbb91')]
2018-11-01 10:02:30,942 - baidubce.http.bce_http_client - DEBUG - GET request start: /v1/metric {'Content-Type': 'application/json; charset=utf-8'}, None, None
2018-11-01 10:03:55,779 - baidubce.http.bce_http_client - DEBUG - GET request start: / None, None, None
2018-11-01 10:03:55,955 - baidubce.http.bce_http_client - DEBUG - request return: status=200, headers=[('Date', 'Thu, 01 Nov 2018 02:03:55 GMT'), ('Content-Type', 'application/json; charset=utf-8'), ('Content-Length', '7890'), ('Connection', 'keep-alive'), ('Server', 'BceBos'), ('x-bce-debug-id', '80XegP43eBV2M+hsgB5Hkk+OV/2Z0FqHwdyHDhF5EkDktlzdYsZpO+nuF6pPVFRUKiid7T/eShB5NOqgDjYvxg=='), ('x-bce-request-id', '801f840d-b806-4873-9cc8-e0ea625798c1')]
2018-11-01 10:03:55,960 - baidubce.http.bce_http_client - DEBUG - GET request start: /v1/metric {'Content-Type': 'application/json; charset=utf-8'}, None, None
2018-11-01 10:03:56,294 - baidubce.http.bce_http_client - DEBUG - request return: status=200, headers=[('Date', 'Thu, 01 Nov 2018 02:03:56 GMT'), ('Content-Type', 'application/json;charset=UTF-8'), ('Transfer-Encoding', 'chunked'), ('Connection', 'keep-alive'), ('Keep-Alive', 'timeout=10'), ('x-bce-request-id', '5dc55daa-8649-48c2-8d2c-77ead871b166'), ('Cache-Control', 'no-cache'), ('Server', 'BWS'), ('Pragma', 'no-cache')]
2018-11-01 10:44:19,409 - baidubce.http.bce_http_client - DEBUG - GET request start: / None, None, None
2018-11-01 10:44:19,598 - baidubce.http.bce_http_client - DEBUG - request return: status=200, headers=[('Date', 'Thu, 01 Nov 2018 02:44:19 GMT'), ('Content-Type', 'application/json; charset=utf-8'), ('Content-Length', '7890'), ('Connection', 'keep-alive'), ('Server', 'BceBos'), ('x-bce-debug-id', '1GvpQAdqJHS2FVkgaX9Vh4oPmynoZCL3jphRF84SdCyQsPXnpU9DFyMhtzjYUWadyAQH8Xn2ZFLPlJC+w0F73w=='), ('x-bce-request-id', 'df27e6b3-291a-4e06-a773-e7f8912b9955')]
2018-11-01 10:44:19,604 - baidubce.http.bce_http_client - DEBUG - GET request start: /v1/metric {'Content-Type': 'application/json; charset=utf-8'}, None, None
2018-11-01 10:44:19,690 - baidubce.http.bce_http_client - DEBUG - request return: status=200, headers=[('Date', 'Thu, 01 Nov 2018 02:44:19 GMT'), ('Content-Type', 'application/json;charset=UTF-8'), ('Transfer-Encoding', 'chunked'), ('Connection', 'keep-alive'), ('Keep-Alive', 'timeout=10'), ('x-bce-request-id', '5fc7280e-2e41-40ab-bd12-006b37933f17'), ('Cache-Control', 'no-cache'), ('Server', 'BWS'), ('Pragma', 'no-cache')]
